#
# There is insufficient memory for the Java Runtime Environment to continue.
# Native memory allocation (malloc) failed to allocate 3497312 bytes for Chunk::new
# Possible reasons:
#   The system is out of physical RAM or swap space
#   The process is running with CompressedOops enabled, and the Java Heap may be blocking the growth of the native heap
# Possible solutions:
#   Reduce memory load on the system
#   Increase physical memory or swap space
#   Check if swap backing store is full
#   Decrease Java heap size (-Xmx/-Xms)
#   Decrease number of Java threads
#   Decrease Java thread stack sizes (-Xss)
#   Set larger code cache with -XX:ReservedCodeCacheSize=
#   JVM is running with Unscaled Compressed Oops mode in which the Java heap is
#     placed in the first 4GB address space. The Java Heap base address is the
#     maximum limit for the native heap growth. Please use -XX:HeapBaseMinAddress
#     to set the Java Heap base and to place the Java Heap above 4GB virtual address.
# This output file may be truncated or incomplete.
#
#  Out of Memory Error (arena.cpp:195), pid=40796, tid=46576
#
# JRE version: OpenJDK Runtime Environment (16.0.1+9) (build 16.0.1+9-24)
# Java VM: OpenJDK 64-Bit Server VM (16.0.1+9-24, mixed mode, tiered, compressed oops, compressed class ptrs, g1 gc, windows-amd64)
# No core dump will be written. Minidumps are not enabled by default on client versions of Windows
#

---------------  S U M M A R Y ------------

Command Line: -XX:+ShowCodeDetailsInExceptionMessages -agentlib:jdwp=transport=dt_socket,suspend=y,address=localhost:59699 -javaagent:C:\Users\eclipse\configuration\org.eclipse.osgi\222\0\.cp\lib\javaagent-shaded.jar -Dfile.encoding=Cp1252 JavaLearning.MouseActions3

Host: Intel(R) Core(TM) i5-5300U CPU @ 2.30GHz, 4 cores, 7G,  Windows 10 , 64 bit Build 19041 (10.0.19041.1806)
Time: Fri Aug 26 16:24:42 2022 India Standard Time elapsed time: 7.455263 seconds (0d 0h 0m 7s)

---------------  T H R E A D  ---------------

Current thread (0x000001bf3ae228c0):  JavaThread "C2 CompilerThread1" daemon [_thread_in_native, id=46576, stack(0x00000025d6d00000,0x00000025d6e00000)]


Current CompileTask:
C2:   7455 2366       4       org.eclipse.jdt.launching.internal.org.objectweb.asm.ClassReader::accept (1404 bytes)

Stack: [0x00000025d6d00000,0x00000025d6e00000]
Native frames: (J=compiled Java code, j=interpreted, Vv=VM code, C=native code)
V  [jvm.dll+0x6687ca]
V  [jvm.dll+0x7ca3c9]
V  [jvm.dll+0x7cbb53]
V  [jvm.dll+0x7cc1b3]
V  [jvm.dll+0x242ea5]
V  [jvm.dll+0xadeca]
V  [jvm.dll+0xae5ac]
V  [jvm.dll+0x35af27]
V  [jvm.dll+0x1b9f31]
V  [jvm.dll+0x216066]
V  [jvm.dll+0x215350]
V  [jvm.dll+0x1a1d9b]
V  [jvm.dll+0x2253a8]
V  [jvm.dll+0x2233ec]
V  [jvm.dll+0x780002]
V  [jvm.dll+0x779b4a]
V  [jvm.dll+0x667666]
C  [ucrtbase.dll+0x21bb2]
C  [KERNEL32.DLL+0x17034]
C  [ntdll.dll+0x52651]


---------------  P R O C E S S  ---------------

Threads class SMR info:
_java_thread_list=0x000001bf3a136190, length=26, elements={
0x000001bf1a9e1700, 0x000001bf35eb1150, 0x000001bf35eb1bb0, 0x000001bf35ef18b0,
0x000001bf35f0b010, 0x000001bf36929d70, 0x000001bf3692ca50, 0x000001bf35f0c5a0,
0x000001bf36901090, 0x000001bf369115d0, 0x000001bf369a98b0, 0x000001bf36b4ee40,
0x000001bf36b54300, 0x000001bf36b59290, 0x000001bf373d82d0, 0x000001bf3800a920,
0x000001bf39d0e060, 0x000001bf37aa6940, 0x000001bf37aa73e0, 0x000001bf37aa5950,
0x000001bf37aa7e80, 0x000001bf37aa4eb0, 0x000001bf37aa83d0, 0x000001bf37aa5400,
0x000001bf3ae228c0, 0x000001bf37aa5ea0
}

Java Threads: ( => current thread )
  0x000001bf1a9e1700 JavaThread "Forwarding newSession on session null to remote" [_thread_blocked, id=46320, stack(0x00000025d4a00000,0x00000025d4b00000)]
  0x000001bf35eb1150 JavaThread "Reference Handler" daemon [_thread_blocked, id=7968, stack(0x00000025d5100000,0x00000025d5200000)]
  0x000001bf35eb1bb0 JavaThread "Finalizer" daemon [_thread_blocked, id=27988, stack(0x00000025d5200000,0x00000025d5300000)]
  0x000001bf35ef18b0 JavaThread "Signal Dispatcher" daemon [_thread_blocked, id=46844, stack(0x00000025d5300000,0x00000025d5400000)]
  0x000001bf35f0b010 JavaThread "Attach Listener" daemon [_thread_blocked, id=41988, stack(0x00000025d5400000,0x00000025d5500000)]
  0x000001bf36929d70 JavaThread "Service Thread" daemon [_thread_blocked, id=44500, stack(0x00000025d5500000,0x00000025d5600000)]
  0x000001bf3692ca50 JavaThread "Monitor Deflation Thread" daemon [_thread_blocked, id=31752, stack(0x00000025d5600000,0x00000025d5700000)]
  0x000001bf35f0c5a0 JavaThread "C2 CompilerThread0" daemon [_thread_blocked, id=35420, stack(0x00000025d5700000,0x00000025d5800000)]
  0x000001bf36901090 JavaThread "C1 CompilerThread0" daemon [_thread_blocked, id=17464, stack(0x00000025d5800000,0x00000025d5900000)]
  0x000001bf369115d0 JavaThread "Sweeper thread" daemon [_thread_blocked, id=45796, stack(0x00000025d5900000,0x00000025d5a00000)]
  0x000001bf369a98b0 JavaThread "Common-Cleaner" daemon [_thread_blocked, id=46976, stack(0x00000025d5a00000,0x00000025d5b00000)]
  0x000001bf36b4ee40 JavaThread "JDWP Transport Listener: dt_socket" daemon [_thread_blocked, id=26340, stack(0x00000025d5b00000,0x00000025d5c00000)]
  0x000001bf36b54300 JavaThread "JDWP Event Helper Thread" daemon [_thread_blocked, id=37608, stack(0x00000025d5c00000,0x00000025d5d00000)]
  0x000001bf36b59290 JavaThread "JDWP Command Reader" daemon [_thread_in_native, id=41540, stack(0x00000025d5d00000,0x00000025d5e00000)]
  0x000001bf373d82d0 JavaThread "Notification Thread" daemon [_thread_blocked, id=10584, stack(0x00000025d6200000,0x00000025d6300000)]
  0x000001bf3800a920 JavaThread "ForkJoinPool.commonPool-worker-3" daemon [_thread_blocked, id=42460, stack(0x00000025d6400000,0x00000025d6500000)]
  0x000001bf39d0e060 JavaThread "AsyncHttpClient-1-1" daemon [_thread_blocked, id=40752, stack(0x00000025d6500000,0x00000025d6600000)]
  0x000001bf37aa6940 JavaThread "Exec Default Executor" daemon [_thread_in_native, id=34576, stack(0x00000025d6600000,0x00000025d6700000)]
  0x000001bf37aa73e0 JavaThread "Driver Service Executor" daemon [_thread_blocked, id=32100, stack(0x00000025d6700000,0x00000025d6800000)]
  0x000001bf37aa5950 JavaThread "Driver Service Executor" daemon [_thread_blocked, id=14264, stack(0x00000025d6800000,0x00000025d6900000)]
  0x000001bf37aa7e80 JavaThread "UrlChecker-2" daemon [_thread_blocked, id=288, stack(0x00000025d6900000,0x00000025d6a00000)]
  0x000001bf37aa4eb0 JavaThread "Exec Stream Pumper" daemon [_thread_in_native, id=18096, stack(0x00000025d6a00000,0x00000025d6b00000)]
  0x000001bf37aa83d0 JavaThread "Exec Stream Pumper" daemon [_thread_in_native, id=33552, stack(0x00000025d6b00000,0x00000025d6c00000)]
  0x000001bf37aa5400 JavaThread "Keep-Alive-Timer" daemon [_thread_blocked, id=40672, stack(0x00000025d6100000,0x00000025d6200000)]
=>0x000001bf3ae228c0 JavaThread "C2 CompilerThread1" daemon [_thread_in_native, id=46576, stack(0x00000025d6d00000,0x00000025d6e00000)]
  0x000001bf37aa5ea0 JavaThread "AsyncHttpClient-1-2" daemon [_thread_in_native, id=44604, stack(0x00000025d6e00000,0x00000025d6f00000)]

Other Threads:
  0x000001bf35eae5d0 VMThread "VM Thread" [stack: 0x00000025d5000000,0x00000025d5100000] [id=39388]
  0x000001bf36cf6410 WatcherThread [stack: 0x00000025d6300000,0x00000025d6400000] [id=21324]
  0x000001bf1aa1ebc0 GCTaskThread "GC Thread#0" [stack: 0x00000025d4b00000,0x00000025d4c00000] [id=35592]
  0x000001bf371cabd0 GCTaskThread "GC Thread#1" [stack: 0x00000025d5e00000,0x00000025d5f00000] [id=25064]
  0x000001bf36c27210 GCTaskThread "GC Thread#2" [stack: 0x00000025d5f00000,0x00000025d6000000] [id=29028]
  0x000001bf37101880 GCTaskThread "GC Thread#3" [stack: 0x00000025d6000000,0x00000025d6100000] [id=17424]
  0x000001bf1aa30750 ConcurrentGCThread "G1 Main Marker" [stack: 0x00000025d4c00000,0x00000025d4d00000] [id=35988]
  0x000001bf1aa31860 ConcurrentGCThread "G1 Conc#0" [stack: 0x00000025d4d00000,0x00000025d4e00000] [id=28680]
  0x000001bf1aaae0c0 ConcurrentGCThread "G1 Refine#0" [stack: 0x00000025d4e00000,0x00000025d4f00000] [id=35024]
  0x000001bf1aaae560 ConcurrentGCThread "G1 Service" [stack: 0x00000025d4f00000,0x00000025d5000000] [id=43340]

Threads with active compile tasks:
C2 CompilerThread1     7505 2366       4       org.eclipse.jdt.launching.internal.org.objectweb.asm.ClassReader::accept (1404 bytes)

VM state: not at safepoint (normal execution)

VM Mutex/Monitor currently owned by a thread: None

Heap address: 0x0000000081e00000, size: 2018 MB, Compressed Oops mode: 32-bit

CDS disabled.
Compressed class space mapped at: 0x0000000100000000-0x0000000140000000, reserved size: 1073741824
Narrow klass base: 0x0000000000000000, Narrow klass shift: 3, Narrow klass range: 0x140000000

GC Precious Log:
 CPUs: 4 total, 4 available
 Memory: 8064M
 Large Page Support: Disabled
 NUMA Support: Disabled
 Compressed Oops: Enabled (32-bit)
 Heap Region Size: 1M
 Heap Min Capacity: 8M
 Heap Initial Capacity: 128M
 Heap Max Capacity: 2018M
 Pre-touch: Disabled
 Parallel Workers: 4
 Concurrent Workers: 1
 Concurrent Refinement Workers: 4
 Periodic GC: Disabled

Heap:
 garbage-first heap   total 48128K, used 29384K [0x0000000081e00000, 0x0000000100000000)
  region size 1024K, 14 young (14336K), 2 survivors (2048K)
 Metaspace       used 28344K, committed 28544K, reserved 1081344K
  class space    used 3049K, committed 3136K, reserved 1048576K

Heap Regions: E=young(eden), S=young(survivor), O=old, HS=humongous(starts), HC=humongous(continues), CS=collection set, F=free, OA=open archive, CA=closed archive, TAMS=top-at-mark-start (previous, next)
|   0|0x0000000081e00000, 0x0000000081f00000, 0x0000000081f00000|100%| O|  |TAMS 0x0000000081f00000, 0x0000000081e00000| Untracked 
|   1|0x0000000081f00000, 0x0000000082000000, 0x0000000082000000|100%| O|  |TAMS 0x0000000082000000, 0x0000000081f00000| Untracked 
|   2|0x0000000082000000, 0x0000000082100000, 0x0000000082100000|100%| O|  |TAMS 0x0000000082100000, 0x0000000082000000| Untracked 
|   3|0x0000000082100000, 0x0000000082200000, 0x0000000082200000|100%| O|  |TAMS 0x0000000082200000, 0x0000000082100000| Untracked 
|   4|0x0000000082200000, 0x0000000082300000, 0x0000000082300000|100%| O|  |TAMS 0x0000000082300000, 0x0000000082200000| Untracked 
|   5|0x0000000082300000, 0x0000000082400000, 0x0000000082400000|100%| O|  |TAMS 0x0000000082400000, 0x0000000082300000| Untracked 
|   6|0x0000000082400000, 0x0000000082500000, 0x0000000082500000|100%| O|  |TAMS 0x0000000082500000, 0x0000000082400000| Untracked 
|   7|0x0000000082500000, 0x0000000082526200, 0x0000000082600000| 14%| O|  |TAMS 0x0000000082526200, 0x0000000082500000| Untracked 
|   8|0x0000000082600000, 0x0000000082700000, 0x0000000082700000|100%| O|  |TAMS 0x0000000082600000, 0x0000000082600000| Untracked 
|   9|0x0000000082700000, 0x0000000082800000, 0x0000000082800000|100%| O|  |TAMS 0x0000000082700000, 0x0000000082700000| Untracked 
|  10|0x0000000082800000, 0x0000000082900000, 0x0000000082900000|100%| O|  |TAMS 0x0000000082800000, 0x0000000082800000| Untracked 
|  11|0x0000000082900000, 0x0000000082a00000, 0x0000000082a00000|100%| O|  |TAMS 0x0000000082900000, 0x0000000082900000| Untracked 
|  12|0x0000000082a00000, 0x0000000082ae8000, 0x0000000082b00000| 90%| O|  |TAMS 0x0000000082a00000, 0x0000000082a00000| Untracked 
|  13|0x0000000082b00000, 0x0000000082c00000, 0x0000000082c00000|100%|HS|  |TAMS 0x0000000082b00000, 0x0000000082b00000| Complete 
|  14|0x0000000082c00000, 0x0000000082d00000, 0x0000000082d00000|100%|HC|  |TAMS 0x0000000082c00000, 0x0000000082c00000| Complete 
|  15|0x0000000082d00000, 0x0000000082e00000, 0x0000000082e00000|100%|HC|  |TAMS 0x0000000082d00000, 0x0000000082d00000| Complete 
|  16|0x0000000082e00000, 0x0000000082f00000, 0x0000000082f00000|100%|HC|  |TAMS 0x0000000082e00000, 0x0000000082e00000| Complete 
|  17|0x0000000082f00000, 0x0000000083000000, 0x0000000083000000|100%|HC|  |TAMS 0x0000000082f00000, 0x0000000082f00000| Complete 
|  18|0x0000000083000000, 0x0000000083000000, 0x0000000083100000|  0%| F|  |TAMS 0x0000000083000000, 0x0000000083000000| Untracked 
|  19|0x0000000083100000, 0x0000000083100000, 0x0000000083200000|  0%| F|  |TAMS 0x0000000083100000, 0x0000000083100000| Untracked 
|  20|0x0000000083200000, 0x0000000083200000, 0x0000000083300000|  0%| F|  |TAMS 0x0000000083200000, 0x0000000083200000| Untracked 
|  21|0x0000000083300000, 0x0000000083300000, 0x0000000083400000|  0%| F|  |TAMS 0x0000000083300000, 0x0000000083300000| Untracked 
|  22|0x0000000083400000, 0x0000000083400000, 0x0000000083500000|  0%| F|  |TAMS 0x0000000083400000, 0x0000000083400000| Untracked 
|  23|0x0000000083500000, 0x0000000083500000, 0x0000000083600000|  0%| F|  |TAMS 0x0000000083500000, 0x0000000083500000| Untracked 
|  24|0x0000000083600000, 0x0000000083600000, 0x0000000083700000|  0%| F|  |TAMS 0x0000000083600000, 0x0000000083600000| Untracked 
|  25|0x0000000083700000, 0x0000000083700000, 0x0000000083800000|  0%| F|  |TAMS 0x0000000083700000, 0x0000000083700000| Untracked 
|  26|0x0000000083800000, 0x0000000083800000, 0x0000000083900000|  0%| F|  |TAMS 0x0000000083800000, 0x0000000083800000| Untracked 
|  27|0x0000000083900000, 0x00000000839a3ec0, 0x0000000083a00000| 64%| S|CS|TAMS 0x0000000083900000, 0x0000000083900000| Complete 
|  28|0x0000000083a00000, 0x0000000083b00000, 0x0000000083b00000|100%| S|CS|TAMS 0x0000000083a00000, 0x0000000083a00000| Complete 
|  29|0x0000000083b00000, 0x0000000083b00000, 0x0000000083c00000|  0%| F|  |TAMS 0x0000000083b00000, 0x0000000083b00000| Untracked 
|  30|0x0000000083c00000, 0x0000000083c00000, 0x0000000083d00000|  0%| F|  |TAMS 0x0000000083c00000, 0x0000000083c00000| Untracked 
|  31|0x0000000083d00000, 0x0000000083d00000, 0x0000000083e00000|  0%| F|  |TAMS 0x0000000083d00000, 0x0000000083d00000| Untracked 
|  32|0x0000000083e00000, 0x0000000083e00000, 0x0000000083f00000|  0%| F|  |TAMS 0x0000000083e00000, 0x0000000083e00000| Untracked 
|  33|0x0000000083f00000, 0x0000000083f00000, 0x0000000084000000|  0%| F|  |TAMS 0x0000000083f00000, 0x0000000083f00000| Untracked 
|  34|0x0000000084000000, 0x0000000084000000, 0x0000000084100000|  0%| F|  |TAMS 0x0000000084000000, 0x0000000084000000| Untracked 
|  35|0x0000000084100000, 0x00000000841904c0, 0x0000000084200000| 56%| E|  |TAMS 0x0000000084100000, 0x0000000084100000| Complete 
|  36|0x0000000084200000, 0x0000000084300000, 0x0000000084300000|100%| E|CS|TAMS 0x0000000084200000, 0x0000000084200000| Complete 
|  37|0x0000000084300000, 0x0000000084400000, 0x0000000084400000|100%| E|CS|TAMS 0x0000000084300000, 0x0000000084300000| Complete 
|  38|0x0000000084400000, 0x0000000084500000, 0x0000000084500000|100%| E|CS|TAMS 0x0000000084400000, 0x0000000084400000| Complete 
|  39|0x0000000084500000, 0x0000000084600000, 0x0000000084600000|100%| E|CS|TAMS 0x0000000084500000, 0x0000000084500000| Complete 
|  40|0x0000000084600000, 0x0000000084700000, 0x0000000084700000|100%| E|CS|TAMS 0x0000000084600000, 0x0000000084600000| Complete 
|  73|0x0000000086700000, 0x0000000086800000, 0x0000000086800000|100%| E|CS|TAMS 0x0000000086700000, 0x0000000086700000| Complete 
|  74|0x0000000086800000, 0x0000000086900000, 0x0000000086900000|100%| E|  |TAMS 0x0000000086800000, 0x0000000086800000| Complete 
|  75|0x0000000086900000, 0x0000000086a00000, 0x0000000086a00000|100%| E|CS|TAMS 0x0000000086900000, 0x0000000086900000| Complete 
|  76|0x0000000086a00000, 0x0000000086b00000, 0x0000000086b00000|100%| E|CS|TAMS 0x0000000086a00000, 0x0000000086a00000| Complete 
|  77|0x0000000086b00000, 0x0000000086c00000, 0x0000000086c00000|100%| E|CS|TAMS 0x0000000086b00000, 0x0000000086b00000| Complete 
| 127|0x0000000089d00000, 0x0000000089e00000, 0x0000000089e00000|100%| E|CS|TAMS 0x0000000089d00000, 0x0000000089d00000| Complete 

Card table byte_map: [0x000001bf2f160000,0x000001bf2f560000] _byte_map_base: 0x000001bf2ed51000

Marking Bits (Prev, Next): (CMBitMap*) 0x000001bf1aa20180, (CMBitMap*) 0x000001bf1aa20140
 Prev Bits: [0x000001bf318f0000, 0x000001bf33878000)
 Next Bits: [0x000001bf2f960000, 0x000001bf318e8000)

Polling page: 0x000001bf1aab0000

Metaspace:

Usage:
  Non-class:     24.70 MB used.
      Class:      2.98 MB used.
       Both:     27.68 MB used.

Virtual space:
  Non-class space:       32.00 MB reserved,      24.81 MB ( 78%) committed,  4 nodes.
      Class space:        1.00 GB reserved,       3.06 MB ( <1%) committed,  1 nodes.
              Both:        1.03 GB reserved,      27.88 MB (  3%) committed. 

Chunk freelists:
   Non-Class:  2.62 MB
       Class:  896.00 KB
        Both:  3.50 MB

MaxMetaspaceSize: 17179869184.00 GB
CompressedClassSpaceSize: 1.00 GB
 - commit_granule_bytes: 65536.
 - commit_granule_words: 8192.
 - virtual_space_node_default_size: 1048576.
 - enlarge_chunks_in_place: 1.
 - new_chunks_are_fully_committed: 0.
 - uncommit_free_chunks: 1.
 - use_allocation_guard: 0.
 - handle_deallocations: 1.


Internal statistics:

num_allocs_failed_limit: 3.
num_arena_births: 140.
num_arena_deaths: 0.
num_vsnodes_births: 5.
num_vsnodes_deaths: 0.
num_space_committed: 446.
num_space_uncommitted: 0.
num_chunks_returned_to_freelist: 3.
num_chunks_taken_from_freelist: 644.
num_chunk_merges: 0.
num_chunk_splits: 426.
num_chunks_enlarged: 335.
num_purges: 0.

CodeHeap 'non-profiled nmethods': size=120000Kb used=1549Kb max_used=1549Kb free=118450Kb
 bounds [0x000001bf27210000, 0x000001bf27480000, 0x000001bf2e740000]
CodeHeap 'profiled nmethods': size=120000Kb used=5454Kb max_used=5454Kb free=114546Kb
 bounds [0x000001bf1fce0000, 0x000001bf20240000, 0x000001bf27210000]
CodeHeap 'non-nmethods': size=5760Kb used=1309Kb max_used=1373Kb free=4450Kb
 bounds [0x000001bf1f740000, 0x000001bf1f9b0000, 0x000001bf1fce0000]
 total_blobs=3016 nmethods=2481 adapters=447
 compilation: enabled
              stopped_count=0, restarted_count=0
 full_count=0

Compilation events (20 events):
Event: 5.907 Thread 0x000001bf36901090 nmethod 2477 0x000001bf20230310 code [0x000001bf202304a0, 0x000001bf20230618]
Event: 5.907 Thread 0x000001bf36901090 2478       3       java.lang.reflect.Modifier::isAbstract (14 bytes)
Event: 5.907 Thread 0x000001bf36901090 nmethod 2478 0x000001bf20230710 code [0x000001bf202308a0, 0x000001bf202309f8]
Event: 5.909 Thread 0x000001bf36901090 2479       3       jdk.internal.org.objectweb.asm.Frame::setLocal (65 bytes)
Event: 5.909 Thread 0x000001bf36901090 nmethod 2479 0x000001bf20230a90 code [0x000001bf20230c60, 0x000001bf20231188]
Event: 5.909 Thread 0x000001bf36901090 2480       3       jdk.internal.org.objectweb.asm.Frame::getInputStackSize (6 bytes)
Event: 5.909 Thread 0x000001bf36901090 nmethod 2480 0x000001bf20231390 code [0x000001bf20231520, 0x000001bf20231638]
Event: 5.910 Thread 0x000001bf36901090 2481       1       java.lang.reflect.Method::getDeclaringClass (5 bytes)
Event: 5.910 Thread 0x000001bf36901090 nmethod 2481 0x000001bf27387d10 code [0x000001bf27387ea0, 0x000001bf27387f78]
Event: 5.911 Thread 0x000001bf36901090 2482       3       java.lang.Class::privateGetDeclaredMethods (64 bytes)
Event: 5.911 Thread 0x000001bf36901090 nmethod 2482 0x000001bf20231710 code [0x000001bf20231940, 0x000001bf202320f8]
Event: 6.002 Thread 0x000001bf36901090 2485       3       java.util.Collections::emptyMap (4 bytes)
Event: 6.003 Thread 0x000001bf36901090 nmethod 2485 0x000001bf20232390 code [0x000001bf20232520, 0x000001bf20232618]
Event: 6.003 Thread 0x000001bf36901090 2486       1       java.lang.reflect.Method::getRoot (5 bytes)
Event: 6.003 Thread 0x000001bf36901090 nmethod 2486 0x000001bf27388010 code [0x000001bf273881a0, 0x000001bf27388278]
Event: 6.008 Thread 0x000001bf36901090 2487       3       java.lang.PublicMethods$MethodList::filter (104 bytes)
Event: 6.009 Thread 0x000001bf36901090 nmethod 2487 0x000001bf20232690 code [0x000001bf202328e0, 0x000001bf20233338]
Event: 6.152 Thread 0x000001bf35f0c5a0 nmethod 2471 0x000001bf27388310 code [0x000001bf27388680, 0x000001bf2738dc28]
Event: 6.152 Thread 0x000001bf35f0c5a0 2472   !   4       java.net.URL::<init> (543 bytes)
Event: 6.210 Thread 0x000001bf35f0c5a0 nmethod 2472 0x000001bf27390a10 code [0x000001bf27390ca0, 0x000001bf27392780]

GC Heap History (12 events):
Event: 0.742 GC heap before
{Heap before GC invocations=0 (full 0):
 garbage-first heap   total 131072K, used 12288K [0x0000000081e00000, 0x0000000100000000)
  region size 1024K, 13 young (13312K), 0 survivors (0K)
 Metaspace       used 6370K, committed 6528K, reserved 1056768K
  class space    used 514K, committed 576K, reserved 1048576K
}
Event: 0.746 GC heap after
{Heap after GC invocations=1 (full 0):
 garbage-first heap   total 131072K, used 5888K [0x0000000081e00000, 0x0000000100000000)
  region size 1024K, 2 young (2048K), 2 survivors (2048K)
 Metaspace       used 6370K, committed 6528K, reserved 1056768K
  class space    used 514K, committed 576K, reserved 1048576K
}
Event: 1.470 GC heap before
{Heap before GC invocations=1 (full 0):
 garbage-first heap   total 131072K, used 19200K [0x0000000081e00000, 0x0000000100000000)
  region size 1024K, 15 young (15360K), 2 survivors (2048K)
 Metaspace       used 11216K, committed 11392K, reserved 1064960K
  class space    used 976K, committed 1024K, reserved 1048576K
}
Event: 1.477 GC heap after
{Heap after GC invocations=2 (full 0):
 garbage-first heap   total 131072K, used 7321K [0x0000000081e00000, 0x0000000100000000)
  region size 1024K, 2 young (2048K), 2 survivors (2048K)
 Metaspace       used 11216K, committed 11392K, reserved 1064960K
  class space    used 976K, committed 1024K, reserved 1048576K
}
Event: 2.622 GC heap before
{Heap before GC invocations=2 (full 0):
 garbage-first heap   total 131072K, used 27801K [0x0000000081e00000, 0x0000000100000000)
  region size 1024K, 22 young (22528K), 2 survivors (2048K)
 Metaspace       used 14792K, committed 14976K, reserved 1064960K
  class space    used 1345K, committed 1472K, reserved 1048576K
}
Event: 2.630 GC heap after
{Heap after GC invocations=3 (full 0):
 garbage-first heap   total 131072K, used 9686K [0x0000000081e00000, 0x0000000100000000)
  region size 1024K, 3 young (3072K), 3 survivors (3072K)
 Metaspace       used 14792K, committed 14976K, reserved 1064960K
  class space    used 1345K, committed 1472K, reserved 1048576K
}
Event: 4.182 GC heap before
{Heap before GC invocations=3 (full 0):
 garbage-first heap   total 131072K, used 56790K [0x0000000081e00000, 0x0000000100000000)
  region size 1024K, 50 young (51200K), 3 survivors (3072K)
 Metaspace       used 21166K, committed 21248K, reserved 1073152K
  class space    used 2066K, committed 2112K, reserved 1048576K
}
Event: 4.191 GC heap after
{Heap after GC invocations=4 (full 0):
 garbage-first heap   total 131072K, used 12440K [0x0000000081e00000, 0x0000000100000000)
  region size 1024K, 5 young (5120K), 5 survivors (5120K)
 Metaspace       used 21166K, committed 21248K, reserved 1073152K
  class space    used 2066K, committed 2112K, reserved 1048576K
}
Event: 4.851 GC heap before
{Heap before GC invocations=5 (full 0):
 garbage-first heap   total 48128K, used 35992K [0x0000000081e00000, 0x0000000100000000)
  region size 1024K, 28 young (28672K), 5 survivors (5120K)
 Metaspace       used 24414K, committed 24576K, reserved 1073152K
  class space    used 2510K, committed 2560K, reserved 1048576K
}
Event: 4.866 GC heap after
{Heap after GC invocations=6 (full 0):
 garbage-first heap   total 48128K, used 13780K [0x0000000081e00000, 0x0000000100000000)
  region size 1024K, 2 young (2048K), 2 survivors (2048K)
 Metaspace       used 24414K, committed 24576K, reserved 1073152K
  class space    used 2510K, committed 2560K, reserved 1048576K
}
Event: 5.736 GC heap before
{Heap before GC invocations=6 (full 0):
 garbage-first heap   total 48128K, used 32212K [0x0000000081e00000, 0x0000000100000000)
  region size 1024K, 20 young (20480K), 2 survivors (2048K)
 Metaspace       used 26881K, committed 27072K, reserved 1081344K
  class space    used 2842K, committed 2944K, reserved 1048576K
}
Event: 5.741 GC heap after
{Heap after GC invocations=7 (full 0):
 garbage-first heap   total 48128K, used 14024K [0x0000000081e00000, 0x0000000100000000)
  region size 1024K, 2 young (2048K), 2 survivors (2048K)
 Metaspace       used 26881K, committed 27072K, reserved 1081344K
  class space    used 2842K, committed 2944K, reserved 1048576K
}

Deoptimization events (20 events):
Event: 4.461 Thread 0x000001bf1a9e1700 Uncommon trap: trap_request=0xffffff45 fr.pc=0x000001bf27297818 relative=0x0000000000000078
Event: 4.461 Thread 0x000001bf1a9e1700 Uncommon trap: reason=unstable_if action=reinterpret pc=0x000001bf27297818 method=java.lang.Integer.stringSize(I)I @ 19 c2
Event: 4.461 Thread 0x000001bf1a9e1700 DEOPT PACKING pc=0x000001bf27297818 sp=0x00000025d4afd5a0
Event: 4.461 Thread 0x000001bf1a9e1700 DEOPT UNPACKING pc=0x000001bf1f78d72e sp=0x00000025d4afd520 mode 2
Event: 4.505 Thread 0x000001bf1a9e1700 DEOPT PACKING pc=0x000001bf1ff303a5 sp=0x00000025d4afa9f0
Event: 4.505 Thread 0x000001bf1a9e1700 DEOPT UNPACKING pc=0x000001bf1f78dece sp=0x00000025d4af9fa0 mode 0
Event: 4.562 Thread 0x000001bf1a9e1700 DEOPT PACKING pc=0x000001bf1ff303a5 sp=0x00000025d4af48d0
Event: 4.562 Thread 0x000001bf1a9e1700 DEOPT UNPACKING pc=0x000001bf1f78dece sp=0x00000025d4af3e80 mode 0
Event: 4.735 Thread 0x000001bf1a9e1700 Uncommon trap: trap_request=0xffffffde fr.pc=0x000001bf272cc0b0 relative=0x0000000000000370
Event: 4.736 Thread 0x000001bf1a9e1700 Uncommon trap: reason=class_check action=maybe_recompile pc=0x000001bf272cc0b0 method=java.util.regex.Matcher.search(I)Z @ 121 c2
Event: 4.736 Thread 0x000001bf1a9e1700 DEOPT PACKING pc=0x000001bf272cc0b0 sp=0x00000025d4afddd0
Event: 4.736 Thread 0x000001bf1a9e1700 DEOPT UNPACKING pc=0x000001bf1f78d72e sp=0x00000025d4afdd70 mode 2
Event: 4.884 Thread 0x000001bf1a9e1700 Uncommon trap: trap_request=0xffffff45 fr.pc=0x000001bf27311068 relative=0x00000000000005a8
Event: 4.884 Thread 0x000001bf1a9e1700 Uncommon trap: reason=unstable_if action=reinterpret pc=0x000001bf27311068 method=java.lang.String.replace(CC)Ljava/lang/String; @ 2 c2
Event: 4.884 Thread 0x000001bf1a9e1700 DEOPT PACKING pc=0x000001bf27311068 sp=0x00000025d4afea00
Event: 4.884 Thread 0x000001bf1a9e1700 DEOPT UNPACKING pc=0x000001bf1f78d72e sp=0x00000025d4afe9d0 mode 2
Event: 5.376 Thread 0x000001bf1a9e1700 Uncommon trap: trap_request=0xffffff45 fr.pc=0x000001bf272d5638 relative=0x0000000000000038
Event: 5.376 Thread 0x000001bf1a9e1700 Uncommon trap: reason=unstable_if action=reinterpret pc=0x000001bf272d5638 method=java.util.Formatter$Conversion.isInteger(C)Z @ 1 c2
Event: 5.376 Thread 0x000001bf1a9e1700 DEOPT PACKING pc=0x000001bf272d5638 sp=0x00000025d4afddd0
Event: 5.376 Thread 0x000001bf1a9e1700 DEOPT UNPACKING pc=0x000001bf1f78d72e sp=0x00000025d4afdd68 mode 2

Classes unloaded (0 events):
No events

Classes redefined (0 events):
No events

Internal exceptions (20 events):
Event: 4.923 Thread 0x000001bf37aa6940 Exception <a 'java/lang/NoSuchMethodError'{0x0000000086bf95d0}: 'java.lang.Object java.lang.invoke.Invokers$Holder.linkToTargetMethod(java.lang.Object, long, java.lang.Object)'> (0x0000000086bf95d0) 
thrown [t:\workspace\open\src\hotspot\share\interpreter\linkResolver.cpp, line 790]
Event: 4.939 Thread 0x000001bf37aa7e80 Exception <a 'java/net/ConnectException'{0x0000000086a297c8}: Connection refused: no further information> (0x0000000086a297c8) 
thrown [t:\workspace\open\src\hotspot\share\prims\jni.cpp, line 600]
Event: 4.939 Thread 0x000001bf37aa7e80 Exception <a 'java/net/SocketException'{0x0000000086a29b00}: Socket is not connected: shutdown> (0x0000000086a29b00) 
thrown [t:\workspace\open\src\hotspot\share\prims\jni.cpp, line 600]
Event: 4.954 Thread 0x000001bf37aa7e80 Exception <a 'java/net/ConnectException'{0x0000000086a2b590}: Connection refused: no further information> (0x0000000086a2b590) 
thrown [t:\workspace\open\src\hotspot\share\prims\jni.cpp, line 600]
Event: 4.954 Thread 0x000001bf37aa7e80 Exception <a 'java/net/SocketException'{0x0000000086a2b8c8}: Socket is not connected: shutdown> (0x0000000086a2b8c8) 
thrown [t:\workspace\open\src\hotspot\share\prims\jni.cpp, line 600]
Event: 4.983 Thread 0x000001bf37aa7e80 Exception <a 'java/net/ConnectException'{0x0000000086a2c860}: Connection refused: no further information> (0x0000000086a2c860) 
thrown [t:\workspace\open\src\hotspot\share\prims\jni.cpp, line 600]
Event: 4.983 Thread 0x000001bf37aa7e80 Exception <a 'java/net/SocketException'{0x0000000086a2cb98}: Socket is not connected: shutdown> (0x0000000086a2cb98) 
thrown [t:\workspace\open\src\hotspot\share\prims\jni.cpp, line 600]
Event: 5.031 Thread 0x000001bf37aa7e80 Exception <a 'java/net/ConnectException'{0x0000000086a2db30}: Connection refused: no further information> (0x0000000086a2db30) 
thrown [t:\workspace\open\src\hotspot\share\prims\jni.cpp, line 600]
Event: 5.031 Thread 0x000001bf37aa7e80 Exception <a 'java/net/SocketException'{0x0000000086a2de68}: Socket is not connected: shutdown> (0x0000000086a2de68) 
thrown [t:\workspace\open\src\hotspot\share\prims\jni.cpp, line 600]
Event: 5.127 Thread 0x000001bf37aa7e80 Exception <a 'java/net/ConnectException'{0x0000000086a2ee00}: Connection refused: no further information> (0x0000000086a2ee00) 
thrown [t:\workspace\open\src\hotspot\share\prims\jni.cpp, line 600]
Event: 5.127 Thread 0x000001bf37aa7e80 Exception <a 'java/net/SocketException'{0x0000000086a2f138}: Socket is not connected: shutdown> (0x0000000086a2f138) 
thrown [t:\workspace\open\src\hotspot\share\prims\jni.cpp, line 600]
Event: 5.340 Thread 0x000001bf1a9e1700 Exception <a 'java/lang/NoSuchMethodError'{0x00000000869763b8}: 'int java.lang.invoke.DirectMethodHandle$Holder.invokeVirtual(java.lang.Object, java.lang.Object)'> (0x00000000869763b8) 
thrown [t:\workspace\open\src\hotspot\share\interpreter\linkResolver.cpp, line 790]
Event: 5.342 Thread 0x000001bf1a9e1700 Exception <a 'java/lang/NoSuchMethodError'{0x000000008697cae0}: 'double java.lang.invoke.DirectMethodHandle$Holder.invokeVirtual(java.lang.Object, java.lang.Object)'> (0x000000008697cae0) 
thrown [t:\workspace\open\src\hotspot\share\interpreter\linkResolver.cpp, line 790]
Event: 5.344 Thread 0x000001bf1a9e1700 Exception <a 'java/lang/NoSuchMethodError'{0x00000000869834f0}: 'float java.lang.invoke.DirectMethodHandle$Holder.invokeVirtual(java.lang.Object, java.lang.Object)'> (0x00000000869834f0) 
thrown [t:\workspace\open\src\hotspot\share\interpreter\linkResolver.cpp, line 790]
Event: 5.350 Thread 0x000001bf1a9e1700 Exception <a 'java/lang/NoSuchMethodError'{0x000000008698c948}: 'long java.lang.invoke.DirectMethodHandle$Holder.invokeVirtual(java.lang.Object, java.lang.Object)'> (0x000000008698c948) 
thrown [t:\workspace\open\src\hotspot\share\interpreter\linkResolver.cpp, line 790]
Event: 5.415 Thread 0x000001bf1a9e1700 Exception <a 'java/lang/NoSuchMethodError'{0x00000000846407d0}: 'void java.lang.invoke.DirectMethodHandle$Holder.invokeStatic(java.lang.Object, java.lang.Object, int)'> (0x00000000846407d0) 
thrown [t:\workspace\open\src\hotspot\share\interpreter\linkResolver.cpp, line 790]
Event: 5.455 Thread 0x000001bf1a9e1700 Exception <a 'java/lang/NoSuchMethodError'{0x00000000845c3470}: 'java.lang.Object java.lang.invoke.DirectMethodHandle$Holder.newInvokeSpecial(java.lang.Object, java.lang.Object, java.lang.Object, java.lang.Object, java.lang.Object)'> (0x00000000845c3470) 
thrown [t:\workspace\open\src\hotspot\share\interpreter\linkResolver.cpp, line 790]
Event: 5.505 Thread 0x000001bf1a9e1700 Exception <a 'java/lang/NoSuchMethodError'{0x0000000084392b58}: 'int java.lang.invoke.DirectMethodHandle$Holder.invokeSpecialIFC(java.lang.Object, java.lang.Object, java.lang.Object)'> (0x0000000084392b58) 
thrown [t:\workspace\open\src\hotspot\share\interpreter\linkResolver.cpp, line 790]
Event: 5.560 Thread 0x000001bf1a9e1700 Exception <a 'java/lang/NoSuchMethodError'{0x0000000084134e70}: 'void java.lang.invoke.DirectMethodHandle$Holder.invokeStatic(java.lang.Object, java.lang.Object, java.lang.Object, java.lang.Object)'> (0x0000000084134e70) 
thrown [t:\workspace\open\src\hotspot\share\interpreter\linkResolver.cpp, line 790]
Event: 5.684 Thread 0x000001bf1a9e1700 Exception <a 'java/lang/NoSuchMethodError'{0x0000000083c83d60}: 'void java.lang.invoke.DirectMethodHandle$Holder.invokeSpecial(java.lang.Object, java.lang.Object, java.lang.Object, java.lang.Object, java.lang.Object, java.lang.Object)'> (0x0000000083c83d60) 
thrown [t:\workspace\open\src\hotspot\share\interpreter\linkResolver.cpp, line 790]

Events (20 events):
Event: 5.923 loading class java/nio/channels/spi/AbstractSelector$1
Event: 5.924 loading class java/nio/channels/spi/AbstractSelector$1 done
Event: 5.925 loading class java/lang/invoke/ConstantBootstraps
Event: 5.925 loading class java/lang/invoke/ConstantBootstraps done
Event: 6.016 loading class java/nio/channels/UnsupportedAddressTypeException
Event: 6.016 loading class java/nio/channels/UnsupportedAddressTypeException done
Event: 6.027 loading class sun/nio/ch/WindowsSelectorImpl$MapEntry
Event: 6.027 loading class sun/nio/ch/WindowsSelectorImpl$MapEntry done
Event: 6.049 loading class java/io/PushbackInputStream
Event: 6.049 loading class java/io/PushbackInputStream done
Event: 6.089 loading class java/nio/charset/IllegalCharsetNameException
Event: 6.089 loading class java/nio/charset/IllegalCharsetNameException done
Event: 6.089 loading class java/nio/charset/UnsupportedCharsetException
Event: 6.089 loading class java/nio/charset/UnsupportedCharsetException done
Event: 6.109 loading class sun/nio/ch/IOVecWrapper
Event: 6.109 loading class sun/nio/ch/IOVecWrapper done
Event: 6.109 loading class sun/nio/ch/IOVecWrapper$Deallocator
Event: 6.109 loading class sun/nio/ch/IOVecWrapper$Deallocator done
Event: 6.755 Executing  VM operation: Cleanup
Event: 6.755 Executing  VM operation: Cleanup done


Dynamic libraries:
0x00007ff6f3780000 - 0x00007ff6f378e000 	C:\Users\eclipse\plugins\org.eclipse.justj.openjdk.hotspot.jre.full.win32.x86_64_16.0.1.v20210528-1205\jre\bin\javaw.exe
0x00007fffd9450000 - 0x00007fffd9648000 	C:\Windows\SYSTEM32\ntdll.dll
0x00007fffd74b0000 - 0x00007fffd756d000 	C:\Windows\System32\KERNEL32.DLL
0x00007fffd70a0000 - 0x00007fffd736e000 	C:\Windows\System32\KERNELBASE.dll
0x00007fffd6e40000 - 0x00007fffd6f40000 	C:\Windows\System32\ucrtbase.dll
0x00007fffc4670000 - 0x00007fffc4689000 	C:\Users\eclipse\plugins\org.eclipse.justj.openjdk.hotspot.jre.full.win32.x86_64_16.0.1.v20210528-1205\jre\bin\VCRUNTIME140.dll
0x00007fffc07b0000 - 0x00007fffc07c8000 	C:\Users\eclipse\plugins\org.eclipse.justj.openjdk.hotspot.jre.full.win32.x86_64_16.0.1.v20210528-1205\jre\bin\jli.dll
0x00007fffd8320000 - 0x00007fffd84c0000 	C:\Windows\System32\USER32.dll
0x00007fffc72e0000 - 0x00007fffc757a000 	C:\Windows\WinSxS\amd64_microsoft.windows.common-controls_6595b64144ccf1df_6.0.19041.1110_none_60b5254171f9507e\COMCTL32.dll
0x00007fffd7370000 - 0x00007fffd7392000 	C:\Windows\System32\win32u.dll
0x00007fffd87e0000 - 0x00007fffd887e000 	C:\Windows\System32\msvcrt.dll
0x00007fffd8c90000 - 0x00007fffd8cba000 	C:\Windows\System32\GDI32.dll
0x00007fffd73a0000 - 0x00007fffd74ab000 	C:\Windows\System32\gdi32full.dll
0x00007fffd7000000 - 0x00007fffd709d000 	C:\Windows\System32\msvcp_win.dll
0x00007fffd8040000 - 0x00007fffd8070000 	C:\Windows\System32\IMM32.DLL
0x00007fffcf940000 - 0x00007fffcf94c000 	C:\Users\eclipse\plugins\org.eclipse.justj.openjdk.hotspot.jre.full.win32.x86_64_16.0.1.v20210528-1205\jre\bin\vcruntime140_1.dll
0x00007fffb8230000 - 0x00007fffb82c1000 	C:\Users\eclipse\plugins\org.eclipse.justj.openjdk.hotspot.jre.full.win32.x86_64_16.0.1.v20210528-1205\jre\bin\msvcp140.dll
0x00007fff69e40000 - 0x00007fff6a9eb000 	C:\Users\eclipse\plugins\org.eclipse.justj.openjdk.hotspot.jre.full.win32.x86_64_16.0.1.v20210528-1205\jre\bin\server\jvm.dll
0x00007fffd7d40000 - 0x00007fffd7dee000 	C:\Windows\System32\ADVAPI32.dll
0x00007fffd8280000 - 0x00007fffd831c000 	C:\Windows\System32\sechost.dll
0x00007fffd7df0000 - 0x00007fffd7f15000 	C:\Windows\System32\RPCRT4.dll
0x00007fffd8c20000 - 0x00007fffd8c28000 	C:\Windows\System32\PSAPI.DLL
0x00007fffc69e0000 - 0x00007fffc69e9000 	C:\Windows\SYSTEM32\WSOCK32.dll
0x00007fffc7700000 - 0x00007fffc7727000 	C:\Windows\SYSTEM32\WINMM.dll
0x00007fffc6990000 - 0x00007fffc699a000 	C:\Windows\SYSTEM32\VERSION.dll
0x00007fffd8550000 - 0x00007fffd85bb000 	C:\Windows\System32\WS2_32.dll
0x00007fffd4ac0000 - 0x00007fffd4ad2000 	C:\Windows\SYSTEM32\kernel.appcore.dll
0x00007fffceb80000 - 0x00007fffceb8a000 	C:\Users\eclipse\plugins\org.eclipse.justj.openjdk.hotspot.jre.full.win32.x86_64_16.0.1.v20210528-1205\jre\bin\jimage.dll
0x00007fffcf750000 - 0x00007fffcf934000 	C:\Windows\SYSTEM32\DBGHELP.DLL
0x00007fffc3260000 - 0x00007fffc328c000 	C:\Windows\SYSTEM32\dbgcore.DLL
0x00007fffd6f70000 - 0x00007fffd6ff2000 	C:\Windows\System32\bcryptPrimitives.dll
0x00007fffc05c0000 - 0x00007fffc05fb000 	C:\Users\eclipse\plugins\org.eclipse.justj.openjdk.hotspot.jre.full.win32.x86_64_16.0.1.v20210528-1205\jre\bin\jdwp.dll
0x00007fffd2940000 - 0x00007fffd294e000 	C:\Users\eclipse\plugins\org.eclipse.justj.openjdk.hotspot.jre.full.win32.x86_64_16.0.1.v20210528-1205\jre\bin\instrument.dll
0x00007fffc0fa0000 - 0x00007fffc0fc5000 	C:\Users\eclipse\plugins\org.eclipse.justj.openjdk.hotspot.jre.full.win32.x86_64_16.0.1.v20210528-1205\jre\bin\java.dll
0x00007fffc46e0000 - 0x00007fffc46f8000 	C:\Users\eclipse\plugins\org.eclipse.justj.openjdk.hotspot.jre.full.win32.x86_64_16.0.1.v20210528-1205\jre\bin\zip.dll
0x00007fffd8cc0000 - 0x00007fffd9404000 	C:\Windows\System32\SHELL32.dll
0x00007fffd4c70000 - 0x00007fffd5404000 	C:\Windows\SYSTEM32\windows.storage.dll
0x00007fffd7570000 - 0x00007fffd78c4000 	C:\Windows\System32\combase.dll
0x00007fffd65d0000 - 0x00007fffd6600000 	C:\Windows\SYSTEM32\Wldp.dll
0x00007fffd8b70000 - 0x00007fffd8c1d000 	C:\Windows\System32\SHCORE.dll
0x00007fffd84f0000 - 0x00007fffd8545000 	C:\Windows\System32\shlwapi.dll
0x00007fffd6ab0000 - 0x00007fffd6acf000 	C:\Windows\SYSTEM32\profapi.dll
0x00007fffc4a10000 - 0x00007fffc4a1c000 	C:\Users\eclipse\plugins\org.eclipse.justj.openjdk.hotspot.jre.full.win32.x86_64_16.0.1.v20210528-1205\jre\bin\dt_socket.dll
0x00007fffd5fd0000 - 0x00007fffd600b000 	C:\Windows\SYSTEM32\IPHLPAPI.DLL
0x00007fffd6330000 - 0x00007fffd639a000 	C:\Windows\system32\mswsock.dll
0x00007fffd6020000 - 0x00007fffd60eb000 	C:\Windows\SYSTEM32\DNSAPI.dll
0x00007fffd8b60000 - 0x00007fffd8b68000 	C:\Windows\System32\NSI.dll
0x00007fffc6740000 - 0x00007fffc674a000 	C:\Windows\System32\rasadhlp.dll
0x00007fffc6d90000 - 0x00007fffc6e10000 	C:\Windows\System32\fwpuclnt.dll
0x00007fffd6f40000 - 0x00007fffd6f67000 	C:\Windows\System32\bcrypt.dll
0x00007fffd1580000 - 0x00007fffd1599000 	C:\Users\eclipse\plugins\org.eclipse.justj.openjdk.hotspot.jre.full.win32.x86_64_16.0.1.v20210528-1205\jre\bin\net.dll
0x00007fffc6e10000 - 0x00007fffc6f1a000 	C:\Windows\SYSTEM32\WINHTTP.dll
0x00007fffc46c0000 - 0x00007fffc46d3000 	C:\Users\eclipse\plugins\org.eclipse.justj.openjdk.hotspot.jre.full.win32.x86_64_16.0.1.v20210528-1205\jre\bin\nio.dll
0x00007fffd2960000 - 0x00007fffd2970000 	C:\Users\eclipse\plugins\org.eclipse.justj.openjdk.hotspot.jre.full.win32.x86_64_16.0.1.v20210528-1205\jre\bin\verify.dll
0x00007fffd6520000 - 0x00007fffd6538000 	C:\Windows\SYSTEM32\CRYPTSP.dll
0x00007fffd5c40000 - 0x00007fffd5c74000 	C:\Windows\system32\rsaenh.dll
0x00007fffd6a70000 - 0x00007fffd6a9e000 	C:\Windows\SYSTEM32\USERENV.dll
0x00007fffd6540000 - 0x00007fffd654c000 	C:\Windows\SYSTEM32\CRYPTBASE.dll
0x00007fffcbb80000 - 0x00007fffcbb97000 	C:\Windows\SYSTEM32\dhcpcsvc6.DLL
0x00007fffcd400000 - 0x00007fffcd41d000 	C:\Windows\SYSTEM32\dhcpcsvc.DLL
0x00007fffc4920000 - 0x00007fffc4929000 	C:\Users\eclipse\plugins\org.eclipse.justj.openjdk.hotspot.jre.full.win32.x86_64_16.0.1.v20210528-1205\jre\bin\management.dll
0x00007fffc4900000 - 0x00007fffc490b000 	C:\Users\eclipse\plugins\org.eclipse.justj.openjdk.hotspot.jre.full.win32.x86_64_16.0.1.v20210528-1205\jre\bin\management_ext.dll
0x00007fffd1440000 - 0x00007fffd144e000 	C:\Users\eclipse\plugins\org.eclipse.justj.openjdk.hotspot.jre.full.win32.x86_64_16.0.1.v20210528-1205\jre\bin\sunmscapi.dll
0x00007fffd6c90000 - 0x00007fffd6de6000 	C:\Windows\System32\CRYPT32.dll
0x00007fffd6640000 - 0x00007fffd6667000 	C:\Windows\SYSTEM32\ncrypt.dll
0x00007fffd6600000 - 0x00007fffd663b000 	C:\Windows\SYSTEM32\NTASN1.dll
0x00007fffc5870000 - 0x00007fffc5877000 	C:\Windows\system32\wshunix.dll
0x00007fffa01f0000 - 0x00007fffa0207000 	C:\Windows\system32\napinsp.dll
0x00007fffc5030000 - 0x00007fffc504b000 	C:\Windows\system32\pnrpnsp.dll
0x00007fffbbe90000 - 0x00007fffbbea5000 	C:\Windows\system32\wshbth.dll
0x00007fffd2660000 - 0x00007fffd267d000 	C:\Windows\system32\NLAapi.dll
0x00007fffa6910000 - 0x00007fffa6922000 	C:\Windows\System32\winrnr.dll

dbghelp: loaded successfully - version: 4.0.5 - missing functions: none
symbol engine: initialized successfully - sym options: 0x614 - pdb path: .;C:\Users\eclipse\plugins\org.eclipse.justj.openjdk.hotspot.jre.full.win32.x86_64_16.0.1.v20210528-1205\jre\bin;C:\Windows\SYSTEM32;C:\Windows\WinSxS\amd64_microsoft.windows.common-controls_6595b64144ccf1df_6.0.19041.1110_none_60b5254171f9507e;C:\Users\eclipse\plugins\org.eclipse.justj.openjdk.hotspot.jre.full.win32.x86_64_16.0.1.v20210528-1205\jre\bin\server

VM Arguments:
jvm_args: -XX:+ShowCodeDetailsInExceptionMessages -agentlib:jdwp=transport=dt_socket,suspend=y,address=localhost:59699 -javaagent:C:\Users\eclipse\configuration\org.eclipse.osgi\222\0\.cp\lib\javaagent-shaded.jar -Dfile.encoding=Cp1252 
java_command: JavaLearning.MouseActions3
java_class_path (initial): C:\Users\admin\Documents\IDP\Maven\target\classes;C:\Users\admin\.m2\repository\org\seleniumhq\selenium\selenium-java\4.3.0\selenium-java-4.3.0.jar;C:\Users\admin\.m2\repository\org\seleniumhq\selenium\selenium-api\4.3.0\selenium-api-4.3.0.jar;C:\Users\admin\.m2\repository\org\seleniumhq\selenium\selenium-chrome-driver\4.3.0\selenium-chrome-driver-4.3.0.jar;C:\Users\admin\.m2\repository\com\google\auto\service\auto-service-annotations\1.0.1\auto-service-annotations-1.0.1.jar;C:\Users\admin\.m2\repository\com\google\auto\service\auto-service\1.0.1\auto-service-1.0.1.jar;C:\Users\admin\.m2\repository\com\google\auto\auto-common\1.2\auto-common-1.2.jar;C:\Users\admin\.m2\repository\com\google\guava\guava\31.1-jre\guava-31.1-jre.jar;C:\Users\admin\.m2\repository\com\google\guava\failureaccess\1.0.1\failureaccess-1.0.1.jar;C:\Users\admin\.m2\repository\com\google\guava\listenablefuture\9999.0-empty-to-avoid-conflict-with-guava\listenablefuture-9999.0-empty-to-avoid-conflict-with-guava.jar;C:\Users\admin\.m2\repository\com\google\code\findbugs\jsr305\3.0.2\jsr305-3.0.2.jar;C:\Users\admin\.m2\repository\org\checkerframework\checker-qual\3.12.0\checker-qual-3.12.0.jar;C:\Users\admin\.m2\repository\com\google\errorprone\error_prone_annotations\2.11.0\error_prone_annotations-2.11.0.jar;C:\Users\admin\.m2\repository\com\google\j2objc\j2objc-annotations\1.3\j2objc-annotations-1.3.jar;C:\Users\admin\.m2\repository\org\seleniumhq\selenium\selenium-chromium-driver\4.3.0\selenium-chromium-driver-4.3.0.jar;C:\Users\admin\.m2\repository\org\seleniumhq\selenium\selenium-json\4.3.0\selenium-json-4.3.0.jar;C:\Users\admin\.m2\repository\org\seleniumhq\selenium\selenium-devtools-v101\4.3.0\selenium-devtools-v101-4.3.0.jar;C:\Users\admin\.m2\repository\org\seleniumhq\selenium\selenium-devtools-v102\4.3.0\selenium-devtools-v102-4.3.0.jar;C:\Users\admin\.m2\repository\org\seleniumhq\selenium\selenium-devtools-v103\4.3.0\selenium-devtools-v103-4.3.0.jar;C:\Users\a
Launcher Type: SUN_STANDARD

[Global flags]
     intx CICompilerCount                          = 3                                         {product} {ergonomic}
     uint ConcGCThreads                            = 1                                         {product} {ergonomic}
     uint G1ConcRefinementThreads                  = 4                                         {product} {ergonomic}
   size_t G1HeapRegionSize                         = 1048576                                   {product} {ergonomic}
    uintx GCDrainStackTargetSize                   = 64                                        {product} {ergonomic}
   size_t InitialHeapSize                          = 134217728                                 {product} {ergonomic}
   size_t MarkStackSize                            = 4194304                                   {product} {ergonomic}
   size_t MaxHeapSize                              = 2116026368                                {product} {ergonomic}
   size_t MaxNewSize                               = 1268776960                                {product} {ergonomic}
   size_t MinHeapDeltaBytes                        = 1048576                                   {product} {ergonomic}
   size_t MinHeapSize                              = 8388608                                   {product} {ergonomic}
    uintx NonNMethodCodeHeapSize                   = 5832780                                {pd product} {ergonomic}
    uintx NonProfiledCodeHeapSize                  = 122912730                              {pd product} {ergonomic}
    uintx ProfiledCodeHeapSize                     = 122912730                              {pd product} {ergonomic}
    uintx ReservedCodeCacheSize                    = 251658240                              {pd product} {ergonomic}
     bool SegmentedCodeCache                       = true                                      {product} {ergonomic}
     bool ShowCodeDetailsInExceptionMessages       = true                                   {manageable} {command line}
   size_t SoftMaxHeapSize                          = 2116026368                             {manageable} {ergonomic}
     bool UseCompressedClassPointers               = true                           {product lp64_product} {ergonomic}
     bool UseCompressedOops                        = true                           {product lp64_product} {ergonomic}
     bool UseG1GC                                  = true                                      {product} {ergonomic}
     bool UseLargePagesIndividualAllocation        = false                                  {pd product} {ergonomic}

Logging:
Log output configuration:
 #0: stdout all=warning uptime,level,tags
 #1: stderr all=off uptime,level,tags

Environment Variables:
PATH=C:\Users\eclipse\plugins\org.eclipse.justj.openjdk.hotspot.jre.full.win32.x86_64_16.0.1.v20210528-1205\jre\bin;C:/Users/eclipse//plugins/org.eclipse.justj.openjdk.hotspot.jre.full.win32.x86_64_16.0.1.v20210528-1205/jre/bin/server;C:/Users/eclipse//plugins/org.eclipse.justj.openjdk.hotspot.jre.full.win32.x86_64_16.0.1.v20210528-1205/jre/bin;C:\Program Files (x86)\Common Files\Oracle\Java\javapath;C:\Windows\system32;C:\Windows;C:\Windows\System32\Wbem;C:\Windows\System32\WindowsPowerShell\v1.0\;C:\Windows\System32\OpenSSH\;C:\Git and Maven\apache-maven-3.8.5\bin;C:\Program Files\Git\cmd;C:\Program Files\Git\bin;C:\Users\admin\AppData\Local\Microsoft\WindowsApps;;C:\Users\admin\AppData\Local\Programs\Microsoft VS Code\bin;C:\Users\eclipse;
USERNAME=admin
OS=Windows_NT
PROCESSOR_IDENTIFIER=Intel64 Family 6 Model 61 Stepping 4, GenuineIntel



---------------  S Y S T E M  ---------------

OS:
 Windows 10 , 64 bit Build 19041 (10.0.19041.1806)
OS uptime: 34 days 7:39 hours

CPU: total 4 (initial active 4) (2 cores per cpu, 2 threads per core) family 6 model 61 stepping 4 microcode 0x2d, cx8, cmov, fxsr, ht, mmx, 3dnowpref, sse, sse2, sse3, ssse3, sse4.1, sse4.2, popcnt, lzcnt, tsc, tscinvbit, avx, avx2, aes, erms, clmul, bmi1, bmi2, rtm, adx, fma, vzeroupper, clflush

Memory: 4k page, system-wide physical 8064M (512M free)
TotalPageFile size 23257M (AvailPageFile size 5M)
current process WorkingSet (physical memory assigned to process): 170M, peak: 176M
current process commit charge ("private bytes"): 200M, peak: 260M

vm_info: OpenJDK 64-Bit Server VM (16.0.1+9-24) for windows-amd64 JRE (16.0.1+9-24), built on Mar 26 2021 19:30:07 by "mach5one" with MS VC++ 16.7 (VS2019)

END.
